Using pre-set license
Built from '2020.3/staging' branch; Version is '2020.3.11f1 (99c7afb366b3) revision 10078127'; Using compiler version '192528614'; Build Type 'Release'
OS: 'Windows 10 Home; OS build 19045.3570; Version 2009; 64bit' Language: 'ko' Physical Memory: 16251 MB
BatchMode: 1, IsHumanControllingUs: 0, StartBugReporterOnCrash: 0, Is64bit: 1, IsPro: 0

 COMMAND LINE ARGUMENTS:
C:\Program Files\Unity\Editor\Unity.exe
-adb2
-batchMode
-noUpm
-name
AssetImportWorker0
-projectPath
C:/Users/Public/Documents/swordplay-clone
-logFile
Logs/AssetImportWorker0.log
-srvPort
55492
Successfully changed project path to: C:/Users/Public/Documents/swordplay-clone
C:/Users/Public/Documents/swordplay-clone
Using Asset Import Pipeline V2.
Refreshing native plugins compatible for Editor in 252.61 ms, found 2 plugins.
Preloading 0 native plugins for Editor in 0.00 ms.
Initialize engine version: 2020.3.11f1 (99c7afb366b3)
[Subsystems] Discovering subsystems at path C:/Program Files/Unity/Editor/Data/Resources/UnitySubsystems
[Subsystems] Discovering subsystems at path C:/Users/Public/Documents/swordplay-clone/Assets
GfxDevice: creating device client; threaded=0
Direct3D:
    Version:  Direct3D 11.0 [level 11.1]
    Renderer: NVIDIA GeForce GTX 1650 (ID=0x1f99)
    Vendor:   
    VRAM:     3949 MB
    Driver:   31.0.15.3141
Initialize mono
Mono path[0] = 'C:/Program Files/Unity/Editor/Data/Managed'
Mono path[1] = 'C:/Program Files/Unity/Editor/Data/MonoBleedingEdge/lib/mono/unityjit'
Mono config path = 'C:/Program Files/Unity/Editor/Data/MonoBleedingEdge/etc'
Using monoOptions --debugger-agent=transport=dt_socket,embedding=1,server=y,suspend=n,address=127.0.0.1:56548
Begin MonoManager ReloadAssembly
Registering precompiled unity dll's ...
Register platform support module: C:/Program Files/Unity/Editor/Data/PlaybackEngines/WindowsStandaloneSupport/UnityEditor.WindowsStandalone.Extensions.dll
Registered in 0.002908 seconds.
Native extension for WindowsStandalone target not found
Refreshing native plugins compatible for Editor in 78.09 ms, found 2 plugins.
Preloading 0 native plugins for Editor in 0.00 ms.
Mono: successfully reloaded assembly
- Completed reload, in  1.864 seconds
Platform modules already initialized, skipping
Registering precompiled user dll's ...
Registered in 0.005509 seconds.
Begin MonoManager ReloadAssembly
Native extension for WindowsStandalone target not found
Refreshing native plugins compatible for Editor in 0.76 ms, found 2 plugins.
Preloading 0 native plugins for Editor in 0.00 ms.
Mono: successfully reloaded assembly
- Completed reload, in  2.761 seconds
Platform modules already initialized, skipping
========================================================================
Worker process is ready to serve import requests
Launched and connected shader compiler UnityShaderCompiler.exe after 0.09 seconds
Refreshing native plugins compatible for Editor in 1.14 ms, found 2 plugins.
Preloading 0 native plugins for Editor in 0.00 ms.
Unloading 2073 Unused Serialized files (Serialized files now loaded: 0)
System memory in use before: 100.7 MB.
System memory in use after: 97.9 MB.

Unloading 56 unused Assets to reduce memory usage. Loaded Objects now: 2476.
Total: 5.468300 ms (FindLiveObjects: 0.365400 ms CreateObjectMapping: 0.193900 ms MarkObjects: 3.324700 ms  DeleteObjects: 1.582300 ms)

========================================================================
Received Import Request.
  path: Assets/Nephilite Studios/Shield Animation Set/Animations/Shield_Animation_1.0.fbx
  artifactKey: Guid(b71fe6bd6e7b3d04698b8670a4c1f1e6) Importer(815301076,1909f56bfc062723c751e8b465ee728b)
Start importing Assets/Nephilite Studios/Shield Animation Set/Animations/Shield_Animation_1.0.fbx using Guid(b71fe6bd6e7b3d04698b8670a4c1f1e6) Importer(815301076,1909f56bfc062723c751e8b465ee728b)  -> (artifact id: '317f519df9430700a83d7adb1a68efa7') in 0.163134 seconds
  Import took 0.176853 seconds .

========================================================================
Received Prepare
Refreshing native plugins compatible for Editor in 4.28 ms, found 2 plugins.
Preloading 0 native plugins for Editor in 0.00 ms.
Unloading 48 Unused Serialized files (Serialized files now loaded: 0)
System memory in use before: 60.5 MB.
System memory in use after: 57.6 MB.

Unloading 48 unused Assets to reduce memory usage. Loaded Objects now: 2476.
Total: 5.870900 ms (FindLiveObjects: 0.235900 ms CreateObjectMapping: 0.112200 ms MarkObjects: 3.978000 ms  DeleteObjects: 1.543600 ms)

AssetImportWorkerClient::OnTransportError - code=2 error=End of file
